2026-02-21 10:00:00 - Starting inbox processing
2026-02-21 10:00:00 - Processing FILE_client.md: Completed documentation -> Moved to Done folder
2026-02-21 10:00:00 - Processing FILE_test.md: Test file -> Moved to Needs_Action folder
2026-02-21 10:00:00 - Processing FILE_hhhh.md: Simple message -> Moved to Needs_Action folder
2026-02-21 10:01:00 - Inbox processing completed
2026-02-21 10:01:00 - Dashboard updated with new metrics
2026-02-21 10:01:00 - Files processed:
   - client.md: Moved to Done (Bronze Tier documentation)
   - test.md: Moved to Needs_Action (test file)
   - hhhh.md: Moved to Needs_Action (simple message)
2026-02-21 10:01:00 - Final system state:
   - Active Tasks: 0
   - Completed Tasks: 3
   - Needs_Action:
   - Done: FILE_client.md, FILE_test.md, FILE_hhhh.md

2026-02-21 10:01:05 - Files moved to Done:
   - FILE_test.md: Test file drop - Moved to Done
   - FILE_hhhh.md: File drop notification - Moved to Done
2026-02-21 10:01:10 - Action plans created:
   - PLAN_test.md: Test file processing plan
   - PLAN_hhhh.md: Notification file processing plan
2026-02-21 10:01:15 - Dashboard updated with new metrics:
   - Active Tasks: 0
   - Completed Tasks: 3
   - Needs_Action: 0 files
   - Done: 3 files
2026-02-21 10:01:20 - Orchestrator pipeline completed successfully
2026-02-21 01:46:13 - Processed FILE_client.md: File contained test message 'hey', plan created, file moved to Done
2026-02-21 01:48:17 - Processed FILE_new_client.md.tmp.15156.1771618141174: Empty temporary file removed
2026-02-21 01:48:36 - Orchestrator pipeline completed: Processed 2 files (1 regular + 1 temp), Created 2 plans, Updated logs, Dashboard pending update
2026-02-21 17:25:00 - Processed greeting message: client.md moved to Done folder
- Created action plan: PLAN_client.md in Plans folder
- Updated dashboard with completion status
