2026-02-24 01:13:08,342 - FileSystemWatcher - INFO - Initialized FileSystemWatcher watching C:\Users\HAROON TRADERS\Desktop\ar portfolio\Hacketon-Employee\Personal AI Employee Vault
2026-02-24 01:13:08,345 - DropFolderHandler - INFO - Monitoring C:\Users\HAROON TRADERS\Desktop\ar portfolio\Hacketon-Employee\Personal AI Employee Vault\Inbox for file drops
2026-02-24 01:13:08,349 - FileSystemWatcher - INFO - FileSystemWatcher initialized for C:\Users\HAROON TRADERS\Desktop\ar portfolio\Hacketon-Employee\Personal AI Employee Vault\Inbox
2026-02-24 01:13:08,356 - FileSystemWatcher - INFO - Started FileSystemWatcher for C:\Users\HAROON TRADERS\Desktop\ar portfolio\Hacketon-Employee\Personal AI Employee Vault\Inbox
2026-02-24 01:17:03,399 - FileSystemWatcher - INFO - Initialized FileSystemWatcher watching C:\Users\HAROON TRADERS\Desktop\ar portfolio\Hacketon-Employee\Personal AI Employee Vault
2026-02-24 01:17:03,400 - DropFolderHandler - INFO - Monitoring C:\Users\HAROON TRADERS\Desktop\ar portfolio\Hacketon-Employee\Personal AI Employee Vault\Inbox for file drops
2026-02-24 01:17:03,400 - DropFolderHandler - INFO - Needs_Action folder: C:\Users\HAROON TRADERS\Desktop\ar portfolio\Hacketon-Employee\Personal AI Employee Vault\Needs_Action
2026-02-24 01:17:03,402 - FileSystemWatcher - INFO - FileSystemWatcher initialized for C:\Users\HAROON TRADERS\Desktop\ar portfolio\Hacketon-Employee\Personal AI Employee Vault\Inbox
2026-02-24 01:17:50,857 - FileSystemWatcher - INFO - Initialized FileSystemWatcher watching C:\Users\HAROON TRADERS\Desktop\ar portfolio\Hacketon-Employee\Personal AI Employee Vault
2026-02-24 01:17:50,861 - DropFolderHandler - INFO - Monitoring C:\Users\HAROON TRADERS\Desktop\ar portfolio\Hacketon-Employee\Personal AI Employee Vault\Inbox for file drops
2026-02-24 01:17:50,862 - DropFolderHandler - INFO - Needs_Action folder: C:\Users\HAROON TRADERS\Desktop\ar portfolio\Hacketon-Employee\Personal AI Employee Vault\Needs_Action
2026-02-24 01:17:50,863 - FileSystemWatcher - INFO - FileSystemWatcher initialized for C:\Users\HAROON TRADERS\Desktop\ar portfolio\Hacketon-Employee\Personal AI Employee Vault\Inbox
2026-02-24 01:17:50,869 - FileSystemWatcher - INFO - Started FileSystemWatcher for C:\Users\HAROON TRADERS\Desktop\ar portfolio\Hacketon-Employee\Personal AI Employee Vault\Inbox
2026-02-24 01:21:36,859 - FileSystemWatcher - INFO - Initialized FileSystemWatcher watching C:\Users\HAROON TRADERS\Desktop\ar portfolio\Hacketon-Employee\Bronze-Tier\Personal AI Employee Vault
2026-02-24 01:21:36,860 - DropFolderHandler - INFO - Monitoring C:\Users\HAROON TRADERS\Desktop\ar portfolio\Hacketon-Employee\Bronze-Tier\Personal AI Employee Vault\Inbox for file drops
2026-02-24 01:21:36,861 - DropFolderHandler - INFO - Needs_Action folder: C:\Users\HAROON TRADERS\Desktop\ar portfolio\Hacketon-Employee\Bronze-Tier\Personal AI Employee Vault\Needs_Action
2026-02-24 01:21:36,862 - FileSystemWatcher - INFO - FileSystemWatcher initialized for C:\Users\HAROON TRADERS\Desktop\ar portfolio\Hacketon-Employee\Bronze-Tier\Personal AI Employee Vault\Inbox
2026-02-24 01:22:10,015 - FileSystemWatcher - INFO - Initialized FileSystemWatcher watching C:\Users\HAROON TRADERS\Desktop\ar portfolio\Hacketon-Employee\Bronze-Tier\Personal AI Employee Vault
2026-02-24 01:22:10,016 - DropFolderHandler - INFO - Monitoring C:\Users\HAROON TRADERS\Desktop\ar portfolio\Hacketon-Employee\Bronze-Tier\Personal AI Employee Vault\Inbox for file drops
2026-02-24 01:22:10,017 - DropFolderHandler - INFO - Needs_Action folder: C:\Users\HAROON TRADERS\Desktop\ar portfolio\Hacketon-Employee\Bronze-Tier\Personal AI Employee Vault\Needs_Action
2026-02-24 01:22:10,018 - FileSystemWatcher - INFO - FileSystemWatcher initialized for C:\Users\HAROON TRADERS\Desktop\ar portfolio\Hacketon-Employee\Bronze-Tier\Personal AI Employee Vault\Inbox
2026-02-24 01:22:10,021 - FileSystemWatcher - INFO - Started FileSystemWatcher for C:\Users\HAROON TRADERS\Desktop\ar portfolio\Hacketon-Employee\Bronze-Tier\Personal AI Employee Vault\Inbox
2026-02-24 01:22:20,083 - DropFolderHandler - INFO - Copied file: hhhhh copy 2.md -> C:\Users\HAROON TRADERS\Desktop\ar portfolio\Hacketon-Employee\Bronze-Tier\Personal AI Employee Vault\Needs_Action\FILE_hhhhh copy 2.md
2026-02-24 01:22:20,094 - DropFolderHandler - INFO - Created metadata file: C:\Users\HAROON TRADERS\Desktop\ar portfolio\Hacketon-Employee\Bronze-Tier\Personal AI Employee Vault\Needs_Action\FILE_hhhhh copy 2.md
2026-02-24 01:22:20,106 - DropFolderHandler - INFO - Processed file drop: hhhhh copy 2.md
