2026-02-24 01:06:11,512 - Orchestrator - INFO - Orchestrator initialized
2026-02-24 01:06:11,513 - Orchestrator - INFO - Vault path: C:\Users\HAROON TRADERS\Desktop\ar portfolio\Hacketon-Employee\Personal AI Employee Vault
2026-02-24 01:09:43,332 - Orchestrator - INFO - Orchestrator initialized
2026-02-24 01:09:43,332 - Orchestrator - INFO - Vault path: C:\Users\HAROON TRADERS\Desktop\ar portfolio\Hacketon-Employee\Personal AI Employee Vault
2026-02-24 01:16:06,189 - Orchestrator - INFO - Orchestrator initialized
2026-02-24 01:16:06,189 - Orchestrator - INFO - Vault path: C:\Users\HAROON TRADERS\Desktop\ar portfolio\Hacketon-Employee\Personal AI Employee Vault
2026-02-24 01:16:06,190 - Orchestrator - INFO - Orchestrator started
2026-02-24 01:16:06,190 - Orchestrator - INFO - Starting watchers...
2026-02-24 01:16:06,190 - Orchestrator - INFO - File System Watcher started
2026-02-24 01:16:06,192 - Orchestrator - INFO - Found 0 tasks in Needs_Action
2026-02-24 04:30:11,995 - Orchestrator - INFO - Orchestrator initialized
2026-02-24 04:30:11,996 - Orchestrator - INFO - Vault path: C:\Users\HAROON TRADERS\Desktop\ar portfolio\Hacketon-Employee\Personal AI Employee Vault
2026-02-24 04:30:11,996 - Orchestrator - INFO - Orchestrator started
2026-02-24 04:30:11,996 - Orchestrator - INFO - Starting watchers...
2026-02-24 04:30:11,996 - Orchestrator - INFO - File System Watcher started
2026-02-24 04:30:11,998 - Orchestrator - INFO - Found 0 tasks in Needs_Action
2026-02-24 04:30:12,001 - Orchestrator - INFO - Health check: {'timestamp': '2026-02-24T04:30:11.998426', 'vault_path': 'C:\\Users\\HAROON TRADERS\\Desktop\\ar portfolio\\Hacketon-Employee\\Personal AI Employee Vault', 'needs_action_count': 0, 'plans_count': 0, 'done_count': 0, 'pending_approval_count': 0, 'approved_count': 0, 'rejected_count': 0, 'logs_count': 1, 'status': 'healthy'}
2026-02-24 04:30:42,002 - Orchestrator - INFO - Found 0 tasks in Needs_Action
2026-02-24 04:30:42,003 - Orchestrator - INFO - Health check: {'timestamp': '2026-02-24T04:30:42.002616', 'vault_path': 'C:\\Users\\HAROON TRADERS\\Desktop\\ar portfolio\\Hacketon-Employee\\Personal AI Employee Vault', 'needs_action_count': 0, 'plans_count': 0, 'done_count': 0, 'pending_approval_count': 0, 'approved_count': 0, 'rejected_count': 0, 'logs_count': 0, 'status': 'healthy'}
2026-02-24 04:31:11,791 - Orchestrator - INFO - Orchestrator initialized
2026-02-24 04:31:11,794 - Orchestrator - INFO - Vault path: C:\Users\HAROON TRADERS\Desktop\ar portfolio\Hacketon-Employee\Personal AI Employee Vault
2026-02-24 04:31:11,795 - Orchestrator - INFO - Orchestrator started
2026-02-24 04:31:11,796 - Orchestrator - INFO - Starting watchers...
2026-02-24 04:31:11,797 - Orchestrator - INFO - File System Watcher started
2026-02-24 04:31:11,798 - Orchestrator - INFO - Found 0 tasks in Needs_Action
2026-02-24 04:31:12,004 - Orchestrator - INFO - Found 0 tasks in Needs_Action
2026-02-24 04:31:41,799 - Orchestrator - INFO - Found 0 tasks in Needs_Action
2026-02-24 04:31:42,006 - Orchestrator - INFO - Found 0 tasks in Needs_Action
2026-02-24 04:32:11,801 - Orchestrator - INFO - Found 0 tasks in Needs_Action
2026-02-24 04:32:12,007 - Orchestrator - INFO - Found 0 tasks in Needs_Action
2026-02-24 04:32:16,524 - Orchestrator - INFO - Orchestrator stopped
2026-02-24 04:32:18,245 - Orchestrator - INFO - Orchestrator initialized
2026-02-24 04:32:18,246 - Orchestrator - INFO - Vault path: C:\Users\HAROON TRADERS\Desktop\ar portfolio\Hacketon-Employee\Bronze-Tier\Personal AI Employee Vault
2026-02-24 04:32:18,248 - Orchestrator - INFO - Orchestrator started
2026-02-24 04:32:18,248 - Orchestrator - INFO - Starting watchers...
2026-02-24 04:32:18,249 - Orchestrator - INFO - File System Watcher started
2026-02-24 04:32:18,251 - Orchestrator - INFO - Found 1 tasks in Needs_Action
2026-02-24 04:32:18,251 - Orchestrator - INFO - Processing task: FILE_hhhhh copy 2.md
2026-02-24 04:32:18,257 - Orchestrator - INFO - Plan created: PLAN_hhhhh copy 2.md
2026-02-24 04:32:18,263 - Orchestrator - INFO - Moved FILE_hhhhh copy 2.md to Done
2026-02-24 04:32:42,008 - Orchestrator - INFO - Found 0 tasks in Needs_Action
2026-02-24 04:32:48,267 - Orchestrator - INFO - Found 0 tasks in Needs_Action
2026-02-24 04:33:12,010 - Orchestrator - INFO - Found 0 tasks in Needs_Action
